<?xml version="1.0" encoding="UTF-8"?>
<testng-results ignored="0" total="6" passed="6" failed="0" skipped="0">
  <reporter-output>
  </reporter-output>
  <suite started-at="2022-11-07T17:25:32 IST" name="Default suite" finished-at="2022-11-07T17:26:04 IST" duration-ms="32007">
    <groups>
    </groups>
    <test started-at="2022-11-07T17:25:32 IST" name="Default test" finished-at="2022-11-07T17:26:04 IST" duration-ms="32007">
      <class name="testClass.EMRTest">
        <test-method is-config="true" signature="launchBrowser()[pri:0, instance:testClass.EMRTest@50ad3bc1]" started-at="2022-11-07T17:25:32 IST" name="launchBrowser" finished-at="2022-11-07T17:25:42 IST" duration-ms="9824" status="PASS">
          <reporter-output>
          </reporter-output>
        </test-method> <!-- launchBrowser -->
        <test-method is-config="true" signature="pageObject()[pri:0, instance:testClass.EMRTest@50ad3bc1]" started-at="2022-11-07T17:25:42 IST" name="pageObject" finished-at="2022-11-07T17:25:42 IST" duration-ms="52" status="PASS">
          <reporter-output>
          </reporter-output>
        </test-method> <!-- pageObject -->
        <test-method is-config="true" signature="loginPageAndSelectCategory()[pri:0, instance:testClass.EMRTest@50ad3bc1]" started-at="2022-11-07T17:25:42 IST" name="loginPageAndSelectCategory" finished-at="2022-11-07T17:25:48 IST" duration-ms="6159" status="PASS">
          <reporter-output>
          </reporter-output>
        </test-method> <!-- loginPageAndSelectCategory -->
        <test-method signature="verifyTitleOfEMRPage()[pri:4, instance:testClass.EMRTest@50ad3bc1]" started-at="2022-11-07T17:25:48 IST" name="verifyTitleOfEMRPage" finished-at="2022-11-07T17:25:48 IST" duration-ms="20" status="PASS">
          <reporter-output>
          </reporter-output>
        </test-method> <!-- verifyTitleOfEMRPage -->
        <test-method signature="addPatientDemographic()[pri:5, instance:testClass.EMRTest@50ad3bc1]" started-at="2022-11-07T17:25:48 IST" name="addPatientDemographic" finished-at="2022-11-07T17:25:50 IST" duration-ms="1464" status="PASS">
          <reporter-output>
          </reporter-output>
        </test-method> <!-- addPatientDemographic -->
        <test-method signature="verifyPatientDetails()[pri:6, instance:testClass.EMRTest@50ad3bc1]" started-at="2022-11-07T17:25:50 IST" name="verifyPatientDetails" finished-at="2022-11-07T17:25:50 IST" duration-ms="129" status="PASS">
          <reporter-output>
          </reporter-output>
        </test-method> <!-- verifyPatientDetails -->
        <test-method signature="clickOnConfirmBtn()[pri:7, instance:testClass.EMRTest@50ad3bc1]" started-at="2022-11-07T17:25:50 IST" name="clickOnConfirmBtn" finished-at="2022-11-07T17:25:50 IST" duration-ms="113" status="PASS">
          <reporter-output>
          </reporter-output>
        </test-method> <!-- clickOnConfirmBtn -->
        <test-method signature="verifyDOBisCorrectOrNot()[pri:8, instance:testClass.EMRTest@50ad3bc1]" started-at="2022-11-07T17:25:50 IST" name="verifyDOBisCorrectOrNot" finished-at="2022-11-07T17:25:55 IST" duration-ms="5484" status="PASS">
          <reporter-output>
          </reporter-output>
        </test-method> <!-- verifyDOBisCorrectOrNot -->
        <test-method signature="clickOnStartVisit()[pri:9, instance:testClass.EMRTest@50ad3bc1]" started-at="2022-11-07T17:25:55 IST" name="clickOnStartVisit" finished-at="2022-11-07T17:26:04 IST" duration-ms="8679" status="PASS">
          <reporter-output>
          </reporter-output>
        </test-method> <!-- clickOnStartVisit -->
      </class> <!-- testClass.EMRTest -->
    </test> <!-- Default test -->
  </suite> <!-- Default suite -->
</testng-results>
