<?xml version="1.0" encoding="UTF-8"?>
<testng-results ignored="0" total="10" passed="10" failed="0" skipped="0">
  <reporter-output>
  </reporter-output>
  <suite started-at="2022-11-09T17:56:55 IST" name="Default suite" finished-at="2022-11-09T17:58:22 IST" duration-ms="86661">
    <groups>
    </groups>
    <test started-at="2022-11-09T17:56:55 IST" name="Default test" finished-at="2022-11-09T17:58:22 IST" duration-ms="86661">
      <class name="testClass.EMRTest">
        <test-method is-config="true" signature="launchBrowser()[pri:0, instance:testClass.EMRTest@d29f28]" started-at="2022-11-09T17:56:55 IST" name="launchBrowser" finished-at="2022-11-09T17:57:09 IST" duration-ms="13800" status="PASS">
          <reporter-output>
          </reporter-output>
        </test-method> <!-- launchBrowser -->
        <test-method is-config="true" signature="pageObject()[pri:0, instance:testClass.EMRTest@d29f28]" started-at="2022-11-09T17:57:09 IST" name="pageObject" finished-at="2022-11-09T17:57:09 IST" duration-ms="196" status="PASS">
          <reporter-output>
          </reporter-output>
        </test-method> <!-- pageObject -->
        <test-method is-config="true" signature="loginPageAndSelectCategory()[pri:0, instance:testClass.EMRTest@d29f28]" started-at="2022-11-09T17:57:09 IST" name="loginPageAndSelectCategory" finished-at="2022-11-09T17:57:16 IST" duration-ms="7081" status="PASS">
          <reporter-output>
          </reporter-output>
        </test-method> <!-- loginPageAndSelectCategory -->
        <test-method signature="verifyTitleOfEMRPage()[pri:4, instance:testClass.EMRTest@d29f28]" started-at="2022-11-09T17:57:17 IST" name="verifyTitleOfEMRPage" finished-at="2022-11-09T17:57:17 IST" duration-ms="69" status="PASS">
          <reporter-output>
          </reporter-output>
        </test-method> <!-- verifyTitleOfEMRPage -->
        <test-method signature="addPatientDemographic()[pri:5, instance:testClass.EMRTest@d29f28]" started-at="2022-11-09T17:57:17 IST" name="addPatientDemographic" finished-at="2022-11-09T17:57:19 IST" duration-ms="2464" status="PASS">
          <reporter-output>
          </reporter-output>
        </test-method> <!-- addPatientDemographic -->
        <test-method signature="verifyPatientDetails()[pri:6, instance:testClass.EMRTest@d29f28]" started-at="2022-11-09T17:57:19 IST" name="verifyPatientDetails" finished-at="2022-11-09T17:57:19 IST" duration-ms="304" status="PASS">
          <reporter-output>
          </reporter-output>
        </test-method> <!-- verifyPatientDetails -->
        <test-method signature="clickOnConfirmBtn()[pri:7, instance:testClass.EMRTest@d29f28]" started-at="2022-11-09T17:57:19 IST" name="clickOnConfirmBtn" finished-at="2022-11-09T17:57:20 IST" duration-ms="257" status="PASS">
          <reporter-output>
          </reporter-output>
        </test-method> <!-- clickOnConfirmBtn -->
        <test-method signature="verifyDOBisCorrectOrNot()[pri:8, instance:testClass.EMRTest@d29f28]" started-at="2022-11-09T17:57:20 IST" name="verifyDOBisCorrectOrNot" finished-at="2022-11-09T17:57:27 IST" duration-ms="7585" status="PASS">
          <reporter-output>
          </reporter-output>
        </test-method> <!-- verifyDOBisCorrectOrNot -->
        <test-method signature="clickOnStartVisit()[pri:9, instance:testClass.EMRTest@d29f28]" started-at="2022-11-09T17:57:27 IST" name="clickOnStartVisit" finished-at="2022-11-09T17:57:47 IST" duration-ms="19289" status="PASS">
          <reporter-output>
          </reporter-output>
        </test-method> <!-- clickOnStartVisit -->
        <test-method signature="goToVerifyVital()[pri:10, instance:testClass.EMRTest@d29f28]" started-at="2022-11-09T17:57:47 IST" name="goToVerifyVital" finished-at="2022-11-09T17:57:50 IST" duration-ms="3669" status="PASS">
          <reporter-output>
          </reporter-output>
        </test-method> <!-- goToVerifyVital -->
        <test-method signature="collectVital()[pri:11, instance:testClass.EMRTest@d29f28]" started-at="2022-11-09T17:57:50 IST" name="collectVital" finished-at="2022-11-09T17:58:09 IST" duration-ms="19100" status="PASS">
          <reporter-output>
          </reporter-output>
        </test-method> <!-- collectVital -->
        <test-method signature="mergeVital()[pri:12, instance:testClass.EMRTest@d29f28]" started-at="2022-11-09T17:58:09 IST" name="mergeVital" finished-at="2022-11-09T17:58:21 IST" duration-ms="11721" status="PASS">
          <reporter-output>
          </reporter-output>
        </test-method> <!-- mergeVital -->
        <test-method signature="checkCalenderandDeleteRecord()[pri:13, instance:testClass.EMRTest@d29f28]" started-at="2022-11-09T17:58:21 IST" name="checkCalenderandDeleteRecord" finished-at="2022-11-09T17:58:22 IST" duration-ms="934" status="PASS">
          <reporter-output>
          </reporter-output>
        </test-method> <!-- checkCalenderandDeleteRecord -->
      </class> <!-- testClass.EMRTest -->
    </test> <!-- Default test -->
  </suite> <!-- Default suite -->
</testng-results>
