<?xml version="1.0" encoding="UTF-8"?>
<!-- Generated by org.testng.reporters.JUnitXMLReporter -->
<testsuite ignored="0" hostname="DESKTOP-2JQ4EAS" failures="0" tests="6" name="Default test" time="32.007" errors="0" timestamp="2022-11-07T17:26:04 IST">
  <testcase classname="testClass.EMRTest" name="verifyTitleOfEMRPage" time="0.02"/>
  <testcase classname="testClass.EMRTest" name="addPatientDemographic" time="1.464"/>
  <testcase classname="testClass.EMRTest" name="verifyPatientDetails" time="0.129"/>
  <testcase classname="testClass.EMRTest" name="clickOnConfirmBtn" time="0.113"/>
  <testcase classname="testClass.EMRTest" name="verifyDOBisCorrectOrNot" time="5.484"/>
  <testcase classname="testClass.EMRTest" name="clickOnStartVisit" time="8.679"/>
</testsuite> <!-- Default test -->
