<?xml version="1.0" encoding="UTF-8"?>
<!-- Generated by org.testng.reporters.JUnitXMLReporter -->
<testsuite ignored="0" hostname="DESKTOP-2JQ4EAS" failures="0" tests="10" name="Default test" time="86.661" errors="0" timestamp="2022-11-09T17:58:22 IST">
  <testcase classname="testClass.EMRTest" name="verifyTitleOfEMRPage" time="0.069"/>
  <testcase classname="testClass.EMRTest" name="addPatientDemographic" time="2.464"/>
  <testcase classname="testClass.EMRTest" name="verifyPatientDetails" time="0.304"/>
  <testcase classname="testClass.EMRTest" name="clickOnConfirmBtn" time="0.257"/>
  <testcase classname="testClass.EMRTest" name="verifyDOBisCorrectOrNot" time="7.585"/>
  <testcase classname="testClass.EMRTest" name="clickOnStartVisit" time="19.289"/>
  <testcase classname="testClass.EMRTest" name="goToVerifyVital" time="3.669"/>
  <testcase classname="testClass.EMRTest" name="collectVital" time="19.1"/>
  <testcase classname="testClass.EMRTest" name="mergeVital" time="11.721"/>
  <testcase classname="testClass.EMRTest" name="checkCalenderandDeleteRecord" time="0.934"/>
</testsuite> <!-- Default test -->
